\BOOKMARK [0][-]{chapter*.2}{\376\377\000I\000n\000t\000r\000o\000d\000u\000c\000t\000i\000o\000n}{}% 1
\BOOKMARK [0][-]{chapter.1}{\376\377\000H\000a\000r\000m\000o\000n\000i\000c\000s}{}% 2
\BOOKMARK [1][-]{section.1.1}{\376\377\0002\0000\0002\0002}{chapter.1}% 3
\BOOKMARK [1][-]{section.1.2}{\376\377\0002\0000\0002\0001}{chapter.1}% 4
\BOOKMARK [0][-]{chapter.2}{\376\377\000F\000i\000l\000t\000e\000r\000s}{}% 5
\BOOKMARK [1][-]{section.2.1}{\376\377\0002\0000\0002\0002}{chapter.2}% 6
\BOOKMARK [1][-]{section.2.2}{\376\377\0002\0000\0002\0001}{chapter.2}% 7
\BOOKMARK [0][-]{chapter.3}{\376\377\000\040\000Z\000-\000t\000r\000a\000n\000s\000f\000o\000r\000m}{}% 8
\BOOKMARK [1][-]{section.3.1}{\376\377\0002\0000\0002\0002}{chapter.3}% 9
\BOOKMARK [1][-]{section.3.2}{\376\377\0002\0000\0002\0001}{chapter.3}% 10
\BOOKMARK [0][-]{chapter.4}{\376\377\000S\000y\000s\000t\000e\000m\000s}{}% 11
\BOOKMARK [1][-]{section.4.1}{\376\377\0002\0000\0002\0002}{chapter.4}% 12
\BOOKMARK [1][-]{section.4.2}{\376\377\0002\0000\0002\0001}{chapter.4}% 13
\BOOKMARK [0][-]{chapter.5}{\376\377\000S\000e\000q\000u\000e\000n\000c\000e\000s}{}% 14
\BOOKMARK [1][-]{section.5.1}{\376\377\0002\0000\0002\0002}{chapter.5}% 15
\BOOKMARK [1][-]{section.5.2}{\376\377\0002\0000\0002\0001}{chapter.5}% 16
\BOOKMARK [0][-]{chapter.6}{\376\377\000S\000a\000m\000p\000l\000i\000n\000g}{}% 17
\BOOKMARK [1][-]{section.6.1}{\376\377\0002\0000\0002\0002}{chapter.6}% 18
\BOOKMARK [1][-]{section.6.2}{\376\377\0002\0000\0002\0001}{chapter.6}% 19
\BOOKMARK [0][-]{chapter.7}{\376\377\000C\000o\000n\000t\000o\000u\000r\000\040\000I\000n\000t\000e\000g\000r\000a\000t\000i\000o\000n}{}% 20
\BOOKMARK [1][-]{section.7.1}{\376\377\0002\0000\0002\0002}{chapter.7}% 21
\BOOKMARK [1][-]{section.7.2}{\376\377\0002\0000\0002\0001}{chapter.7}% 22
\BOOKMARK [0][-]{chapter.8}{\376\377\000L\000a\000p\000l\000a\000c\000e\000\040\000T\000r\000a\000n\000s\000f\000o\000r\000m}{}% 23
\BOOKMARK [1][-]{section.8.1}{\376\377\0002\0000\0002\0002}{chapter.8}% 24
\BOOKMARK [1][-]{section.8.2}{\376\377\0002\0000\0002\0001}{chapter.8}% 25
\BOOKMARK [0][-]{chapter.9}{\376\377\000F\000o\000u\000r\000i\000e\000r\000\040\000t\000r\000a\000n\000s\000f\000o\000r\000m}{}% 26
\BOOKMARK [1][-]{section.9.1}{\376\377\0002\0000\0002\0002}{chapter.9}% 27
\BOOKMARK [1][-]{section.9.2}{\376\377\0002\0000\0002\0001}{chapter.9}% 28
\BOOKMARK [0][-]{appendix.A}{\376\377\000F\000o\000u\000r\000i\000e\000r\000\040\000t\000r\000a\000n\000s\000f\000o\000r\000m}{}% 29
\BOOKMARK [0][-]{appendix.B}{\376\377\000C\000o\000n\000t\000o\000u\000r\000\040\000I\000n\000t\000e\000g\000r\000a\000t\000i\000o\000n}{}% 30
